<?xml version="1.0" encoding="UTF-8"?>
<!-- Generated by org.testng.reporters.JUnitReportReporter -->
<testsuite hostname="LAPTOP-300HMF62" failures="0" tests="1" name="testcases.TC002_AccountRegistrationTest" time="2.367" errors="0" timestamp="2025-03-07T21:37:13 IST" skipped="0">
  <testcase classname="testcases.TC002_AccountRegistrationTest" name="verify_account_registration" time="2.367"/>
  <system-out/>
</testsuite> <!-- testcases.TC002_AccountRegistrationTest -->
