<?xml version="1.0" encoding="UTF-8"?>
<!-- Generated by org.testng.reporters.JUnitReportReporter -->
<testsuite hostname="LAPTOP-300HMF62" failures="0" tests="3" name="testcases.TC002_AccountRegistrationTest" time="2.447" errors="0" timestamp="2025-03-10T22:14:52 IST" skipped="0">
  <testcase classname="testcases.TC002_AccountRegistrationTest" name="a" time="0.008"/>
  <system-out/>
  <testcase classname="testcases.TC002_AccountRegistrationTest" name="b" time="0.002"/>
  <system-out/>
  <testcase classname="testcases.TC002_AccountRegistrationTest" name="verify_account_registration" time="2.437"/>
  <system-out/>
</testsuite> <!-- testcases.TC002_AccountRegistrationTest -->
