<?xml version="1.0" encoding="UTF-8"?>
<!-- Generated by org.testng.reporters.JUnitReportReporter -->
<testsuite hostname="LAPTOP-300HMF62" failures="0" tests="1" name="testcases.TC002_AccountRegistrationTest" time="3.900" errors="0" timestamp="2025-03-14T21:35:38 IST" skipped="0">
  <testcase classname="testcases.TC002_AccountRegistrationTest" name="verify_account_registration" time="3.900"/>
  <system-out/>
</testsuite> <!-- testcases.TC002_AccountRegistrationTest -->
