<?xml version="1.0" encoding="UTF-8"?>
<!-- Generated by org.testng.reporters.JUnitReportReporter -->
<testsuite hostname="LAPTOP-300HMF62" failures="0" tests="5" name="testcases.TC001_LoginTest" time="7.537" errors="0" timestamp="2025-03-10T22:24:33 IST" skipped="0">
  <testcase classname="testcases.TC001_LoginTest" name="verify_Login" time="1.362"/>
  <system-out/>
  <testcase classname="testcases.TC001_LoginTest" name="verify_Login" time="1.224"/>
  <system-out/>
  <testcase classname="testcases.TC001_LoginTest" name="verify_Login" time="1.253"/>
  <system-out/>
  <testcase classname="testcases.TC001_LoginTest" name="verify_Login" time="1.727"/>
  <system-out/>
  <testcase classname="testcases.TC001_LoginTest" name="verify_Login" time="1.971"/>
  <system-out/>
</testsuite> <!-- testcases.TC001_LoginTest -->
