<?xml version="1.0" encoding="UTF-8"?>
<!-- Generated by org.testng.reporters.JUnitReportReporter -->
<testsuite hostname="LAPTOP-300HMF62" failures="0" tests="5" name="testcases.TC001_LoginTest" time="8.842" errors="0" timestamp="2025-03-05T22:09:06 IST" skipped="0">
  <testcase classname="testcases.TC001_LoginTest" name="verify_Login" time="2.065"/>
  <system-out/>
  <testcase classname="testcases.TC001_LoginTest" name="verify_Login" time="1.728"/>
  <system-out/>
  <testcase classname="testcases.TC001_LoginTest" name="verify_Login" time="1.930"/>
  <system-out/>
  <testcase classname="testcases.TC001_LoginTest" name="verify_Login" time="1.907"/>
  <system-out/>
  <testcase classname="testcases.TC001_LoginTest" name="verify_Login" time="1.212"/>
  <system-out/>
</testsuite> <!-- testcases.TC001_LoginTest -->
