<?xml version="1.0" encoding="UTF-8"?>
<!-- Generated by org.testng.reporters.JUnitReportReporter -->
<testsuite hostname="LAPTOP-300HMF62" failures="0" tests="1" name="testcases.TC001_LoginTest" time="5.050" errors="0" timestamp="2025-02-26T22:17:23 IST" skipped="0">
  <testcase classname="testcases.TC001_LoginTest" name="verify_Login" time="5.050"/>
  <system-out/>
</testsuite> <!-- testcases.TC001_LoginTest -->
