<?xml version="1.0" encoding="UTF-8"?>
<!-- Generated by org.testng.reporters.JUnitReportReporter -->
<testsuite hostname="LAPTOP-300HMF62" failures="0" tests="3" name="testcases.TC002_AccountRegistrationTest" time="25.106" errors="0" timestamp="2025-03-15T22:47:07 IST" skipped="0">
  <testcase classname="testcases.TC002_AccountRegistrationTest" name="verify_account_registration" time="7.598"/>
  <system-out/>
  <testcase classname="testcases.TC002_AccountRegistrationTest" name="verify_account_registration" time="8.765"/>
  <system-out/>
  <testcase classname="testcases.TC002_AccountRegistrationTest" name="verify_account_registration" time="8.743"/>
  <system-out/>
</testsuite> <!-- testcases.TC002_AccountRegistrationTest -->
