<?xml version="1.0" encoding="UTF-8"?>
<!-- Generated by org.testng.reporters.JUnitReportReporter -->
<testsuite hostname="LAPTOP-300HMF62" failures="0" tests="3" name="testcases.TC002_AccountRegistrationTest" time="2.227" errors="0" timestamp="2025-03-10T22:24:33 IST" skipped="0">
  <testcase classname="testcases.TC002_AccountRegistrationTest" name="a" time="0.029"/>
  <system-out/>
  <testcase classname="testcases.TC002_AccountRegistrationTest" name="b" time="0.001"/>
  <system-out/>
  <testcase classname="testcases.TC002_AccountRegistrationTest" name="verify_account_registration" time="2.197"/>
  <system-out/>
</testsuite> <!-- testcases.TC002_AccountRegistrationTest -->
