<?xml version="1.0" encoding="UTF-8"?>
<!-- Generated by org.testng.reporters.JUnitReportReporter -->
<testsuite hostname="LAPTOP-300HMF62" failures="0" tests="5" name="testcases.TC001_LoginTest" time="10.205" errors="0" timestamp="2025-03-06T22:28:13 IST" skipped="0">
  <testcase classname="testcases.TC001_LoginTest" name="verify_Login" time="1.606"/>
  <system-out/>
  <testcase classname="testcases.TC001_LoginTest" name="verify_Login" time="3.275"/>
  <system-out/>
  <testcase classname="testcases.TC001_LoginTest" name="verify_Login" time="2.409"/>
  <system-out/>
  <testcase classname="testcases.TC001_LoginTest" name="verify_Login" time="1.499"/>
  <system-out/>
  <testcase classname="testcases.TC001_LoginTest" name="verify_Login" time="1.416"/>
  <system-out/>
</testsuite> <!-- testcases.TC001_LoginTest -->
